0 info it worked if it ends with ok
1 verbose cli [ '/usr/local/bin/node', '/usr/local/bin/npm', 'run', 'dev' ]
2 info using npm@3.10.10
3 info using node@v6.11.3
4 verbose run-script [ 'predev', 'dev', 'postdev' ]
5 info lifecycle mp0_starter_17@1.0.0~predev: mp0_starter_17@1.0.0
6 silly lifecycle mp0_starter_17@1.0.0~predev: no script for predev, continuing
7 info lifecycle mp0_starter_17@1.0.0~dev: mp0_starter_17@1.0.0
8 verbose lifecycle mp0_starter_17@1.0.0~dev: unsafe-perm in lifecycle true
9 verbose lifecycle mp0_starter_17@1.0.0~dev: PATH: /usr/local/lib/node_modules/npm/bin/node-gyp-bin:/Users/woodenhui/Documents/cs498rk/mp1_starter_17/node_modules/.bin:/Library/Frameworks/Python.framework/Versions/3.6/bin:/Library/Frameworks/Python.framework/Versions/3.6/bin:/Library/Frameworks/Python.framework/Versions/3.6/bin:/usr/local/bin:/usr/bin:/bin:/usr/sbin:/sbin:/opt/X11/bin:/Library/TeX/texbin
10 verbose lifecycle mp0_starter_17@1.0.0~dev: CWD: /Users/woodenhui/Documents/cs498rk/mp1_starter_17
11 silly lifecycle mp0_starter_17@1.0.0~dev: Args: [ '-c',
11 silly lifecycle   'webpack-dev-server --content-base public/ --history-api-fallback' ]
12 info lifecycle mp0_starter_17@1.0.0~dev: Failed to exec dev script
13 verbose stack Error: mp0_starter_17@1.0.0 dev: `webpack-dev-server --content-base public/ --history-api-fallback`
13 verbose stack spawn ENOENT
13 verbose stack     at ChildProcess.<anonymous> (/usr/local/lib/node_modules/npm/lib/utils/spawn.js:33:16)
13 verbose stack     at emitTwo (events.js:106:13)
13 verbose stack     at ChildProcess.emit (events.js:191:7)
13 verbose stack     at maybeClose (internal/child_process.js:920:16)
13 verbose stack     at Process.ChildProcess._handle.onexit (internal/child_process.js:230:5)
14 verbose pkgid mp0_starter_17@1.0.0
15 verbose cwd /Users/woodenhui/Documents/cs498rk/mp1_starter_17/source/styles
16 error Darwin 16.4.0
17 error argv "/usr/local/bin/node" "/usr/local/bin/npm" "run" "dev"
18 error node v6.11.3
19 error npm  v3.10.10
20 error file sh
21 error code ELIFECYCLE
22 error errno ENOENT
23 error syscall spawn
24 error mp0_starter_17@1.0.0 dev: `webpack-dev-server --content-base public/ --history-api-fallback`
24 error spawn ENOENT
25 error Failed at the mp0_starter_17@1.0.0 dev script 'webpack-dev-server --content-base public/ --history-api-fallback'.
25 error Make sure you have the latest version of node.js and npm installed.
25 error If you do, this is most likely a problem with the mp0_starter_17 package,
25 error not with npm itself.
25 error Tell the author that this fails on your system:
25 error     webpack-dev-server --content-base public/ --history-api-fallback
25 error You can get information on how to open an issue for this project with:
25 error     npm bugs mp0_starter_17
25 error Or if that isn't available, you can get their info via:
25 error     npm owner ls mp0_starter_17
25 error There is likely additional logging output above.
26 verbose exit [ 1, true ]
